{
  "stats": {
    "suites": 1,
    "tests": 1,
    "passes": 1,
    "pending": 0,
    "failures": 0,
    "start": "2023-08-27T23:16:57.113Z",
    "end": "2023-08-27T23:17:00.718Z",
    "duration": 3605,
    "testsRegistered": 1,
    "passPercent": 100,
    "pendingPercent": 0,
    "other": 0,
    "hasOther": false,
    "skipped": 0,
    "hasSkipped": false
  },
  "results": [
    {
      "uuid": "9aa051d2-fa95-4d4b-8097-2d82620b83eb",
      "title": "",
      "fullFile": "cypress\\e2e\\login-incorreto.cy.js",
      "file": "cypress\\e2e\\login-incorreto.cy.js",
      "beforeHooks": [],
      "afterHooks": [],
      "tests": [],
      "suites": [
        {
          "uuid": "a3d3f4ca-b589-49a6-af15-0748f4b1eee1",
          "title": "Página de login",
          "fullFile": "",
          "file": "",
          "beforeHooks": [],
          "afterHooks": [],
          "tests": [
            {
              "title": "Verificar mensagem de campos obrigatórios",
              "fullTitle": "Página de login Verificar mensagem de campos obrigatórios",
              "timedOut": null,
              "duration": 1361,
              "state": "passed",
              "speed": "fast",
              "pass": true,
              "fail": false,
              "pending": false,
              "context": null,
              "code": "//! carrega a página de login\ncy.visit('http://localhost:4200/#/home');\n//! nome \ncy.contains('User name is required!').should('be.visible');\n//! senha\ncy.contains('Password is required!').should('be.visible');",
              "err": {},
              "uuid": "e339994f-4346-4fc3-96e4-cd888e6098d0",
              "parentUUID": "a3d3f4ca-b589-49a6-af15-0748f4b1eee1",
              "isHook": false,
              "skipped": false
            }
          ],
          "suites": [],
          "passes": [
            "e339994f-4346-4fc3-96e4-cd888e6098d0"
          ],
          "failures": [],
          "pending": [],
          "skipped": [],
          "duration": 1361,
          "root": false,
          "rootEmpty": false,
          "_timeout": 2000
        }
      ],
      "passes": [],
      "failures": [],
      "pending": [],
      "skipped": [],
      "duration": 0,
      "root": true,
      "rootEmpty": true,
      "_timeout": 2000
    }
  ],
  "meta": {
    "mocha": {
      "version": "7.0.1"
    },
    "mochawesome": {
      "options": {
        "quiet": false,
        "reportFilename": "mochawesome",
        "saveHtml": true,
        "saveJson": true,
        "consoleReporter": "spec",
        "useInlineDiffs": false,
        "code": true
      },
      "version": "7.1.3"
    },
    "marge": {
      "options": null,
      "version": "6.2.0"
    }
  }
}